TN:
SF:src/app.js
FN:8,(anonymous_0)
FNF:1
FNH:0
FNDA:0,(anonymous_0)
DA:1,1
DA:2,1
DA:3,1
DA:4,1
DA:5,1
DA:7,1
DA:8,1
DA:9,0
DA:12,1
DA:14,1
LF:10
LH:9
BRF:0
BRH:0
end_of_record
TN:
SF:src/server.js
FN:3,(anonymous_0)
FNF:1
FNH:0
FNDA:0,(anonymous_0)
DA:1,0
DA:3,0
DA:4,0
LF:3
LH:0
BRF:0
BRH:0
end_of_record
TN:
SF:src/backend/api.js
FN:5,(anonymous_0)
FNF:1
FNH:1
FNDA:2,(anonymous_0)
DA:1,1
DA:2,1
DA:3,1
DA:5,1
DA:6,2
DA:8,2
DA:10,1
DA:11,1
DA:14,0
DA:15,0
DA:18,1
DA:19,1
DA:22,0
DA:23,0
DA:26,0
DA:29,2
DA:32,1
LF:17
LH:12
BRDA:8,0,0,1
BRDA:8,0,1,0
BRDA:8,0,2,1
BRDA:8,0,3,0
BRDA:8,0,4,0
BRF:5
BRH:2
end_of_record
TN:
SF:src/backend/calculator.js
FN:1,add
FN:8,subtract
FN:15,multiply
FN:22,divide
FN:32,checkType
FNF:5
FNH:3
FNDA:3,add
FNDA:0,subtract
FNDA:2,multiply
FNDA:0,divide
FNDA:5,checkType
DA:2,3
DA:3,1
DA:5,2
DA:9,0
DA:10,0
DA:12,0
DA:16,2
DA:17,0
DA:19,2
DA:23,0
DA:24,0
DA:26,0
DA:27,0
DA:29,0
DA:33,5
DA:37,2
LF:16
LH:7
BRDA:2,0,0,1
BRDA:2,0,1,2
BRDA:9,1,0,0
BRDA:9,1,1,0
BRDA:16,2,0,0
BRDA:16,2,1,2
BRDA:23,3,0,0
BRDA:23,3,1,0
BRDA:26,4,0,0
BRDA:26,4,1,0
BRDA:33,5,0,5
BRDA:33,5,1,5
BRF:12
BRH:5
end_of_record
